2025-04-04 10:32:22.002755 - Received CBT.V508.FILE488.PDS from FILE488.XMI 
2025-04-04 10:32:22.009205 - Found $$$#DATE.txt (text/plain) in CBT.V508.FILE488.PDS, moved to PDS/$$$#DATE
2025-04-04 10:32:22.009362 - Found $$NOTE01.eml (message/rfc822) in CBT.V508.FILE488.PDS, moved to PDS/$$NOTE01
2025-04-04 10:32:22.009512 - Found $DOC.txt (text/plain) in CBT.V508.FILE488.PDS, moved to PDS/$DOC
2025-04-04 10:32:22.009810 - Found $INDEX.txt (text/plain) in CBT.V508.FILE488.PDS, moved to PDS/$INDEX
2025-04-04 10:32:22.010114 - Found $INDEX2.txt (text/plain) in CBT.V508.FILE488.PDS, moved to PDS/$INDEX2
2025-04-04 10:32:22.010442 - Found $UPDATE.txt (text/plain) in CBT.V508.FILE488.PDS, moved to PDS/$UPDATE
2025-04-04 10:32:22.010593 - Found @FILE488.txt (text/plain) in CBT.V508.FILE488.PDS, moved to PDS/@FILE488
2025-04-04 10:32:22.010736 - Found ACFCMP.txt (text/plain) in CBT.V508.FILE488.PDS, moved to PDS/ACFCMP
2025-04-04 10:32:22.010875 - Found ACFCMPO.txt (text/plain) in CBT.V508.FILE488.PDS, moved to PDS/ACFCMPO
2025-04-04 10:32:22.010999 - Found ACFRULD.txt (text/plain) in CBT.V508.FILE488.PDS, moved to PDS/ACFRULD
2025-04-04 10:32:22.011145 - Found ACFRULE.jcl (text/plain) in CBT.V508.FILE488.PDS, moved to PDS/ACFRULE
2025-04-04 10:32:22.011268 - Found ACFRULF.jcl (text/plain) in CBT.V508.FILE488.PDS, moved to PDS/ACFRULF
2025-04-04 10:32:22.011388 - Found ACFRULJ.jcl (text/plain) in CBT.V508.FILE488.PDS, moved to PDS/ACFRULJ
2025-04-04 10:32:22.011525 - Found ACFRULP.txt (text/plain) in CBT.V508.FILE488.PDS, moved to PDS/ACFRULP
2025-04-04 10:32:22.011651 - Found ACFRUL1.txt (text/plain) in CBT.V508.FILE488.PDS, moved to PDS/ACFRUL1
2025-04-04 10:32:22.011775 - Found ACFRUL2.txt (text/plain) in CBT.V508.FILE488.PDS, moved to PDS/ACFRUL2
2025-04-04 10:32:22.011958 - Found ACFSUMH.txt (text/plain) in CBT.V508.FILE488.PDS, moved to PDS/ACFSUMH
2025-04-04 10:32:22.012228 - Found ACFSUMO.txt (text/plain) in CBT.V508.FILE488.PDS, moved to PDS/ACFSUMO
2025-04-04 10:32:22.012390 - Found CHNGCALL.txt (text/plain) in CBT.V508.FILE488.PDS, moved to PDS/CHNGCALL
2025-04-04 10:32:22.012526 - Found CHNGCASE.txt (text/plain) in CBT.V508.FILE488.PDS, moved to PDS/CHNGCASE
2025-04-04 10:32:22.012703 - Found CHNGCASP.txt (text/plain) in CBT.V508.FILE488.PDS, moved to PDS/CHNGCASP
2025-04-04 10:32:22.012836 - Found CHNGCPY1.txt (text/plain) in CBT.V508.FILE488.PDS, moved to PDS/CHNGCPY1
2025-04-04 10:32:22.012959 - Found CHNGCPY2.txt (text/plain) in CBT.V508.FILE488.PDS, moved to PDS/CHNGCPY2
2025-04-04 10:32:22.013083 - Found CHNGDOCU.txt (text/plain) in CBT.V508.FILE488.PDS, moved to PDS/CHNGDOCU
2025-04-04 10:32:22.013241 - Found CHNGEXMP.txt (text/plain) in CBT.V508.FILE488.PDS, moved to PDS/CHNGEXMP
2025-04-04 10:32:22.013388 - Found CHNGFILE.txt (text/plain) in CBT.V508.FILE488.PDS, moved to PDS/CHNGFILE
2025-04-04 10:32:22.013506 - Found CHNGPARM.txt (text/plain) in CBT.V508.FILE488.PDS, moved to PDS/CHNGPARM
2025-04-04 10:32:22.013619 - Found CHNGPROC.txt (text/plain) in CBT.V508.FILE488.PDS, moved to PDS/CHNGPROC
2025-04-04 10:32:22.013738 - Found CHNGTSTA.txt (text/plain) in CBT.V508.FILE488.PDS, moved to PDS/CHNGTSTA
2025-04-04 10:32:22.013856 - Found CHNG005B.txt (text/plain) in CBT.V508.FILE488.PDS, moved to PDS/CHNG005B
2025-04-04 10:32:22.013975 - Found CHNG005C.txt (text/plain) in CBT.V508.FILE488.PDS, moved to PDS/CHNG005C
2025-04-04 10:32:22.014096 - Found CHNG005F.txt (text/plain) in CBT.V508.FILE488.PDS, moved to PDS/CHNG005F
2025-04-04 10:32:22.014252 - Found COBNEAT.txt (text/plain) in CBT.V508.FILE488.PDS, moved to PDS/COBNEAT
2025-04-04 10:32:22.014365 - Found COBNEAT1.txt (text/plain) in CBT.V508.FILE488.PDS, moved to PDS/COBNEAT1
2025-04-04 10:32:22.014483 - Found COBNOTE.txt (text/plain) in CBT.V508.FILE488.PDS, moved to PDS/COBNOTE
2025-04-04 10:32:22.014618 - Found COBNRUN.txt (text/plain) in CBT.V508.FILE488.PDS, moved to PDS/COBNRUN
2025-04-04 10:32:22.014733 - Found CXPARM.txt (text/plain) in CBT.V508.FILE488.PDS, moved to PDS/CXPARM
2025-04-04 10:32:22.014844 - Found CX002B.txt (text/plain) in CBT.V508.FILE488.PDS, moved to PDS/CX002B
2025-04-04 10:32:22.014959 - Found CX003B.jcl (text/plain) in CBT.V508.FILE488.PDS, moved to PDS/CX003B
2025-04-04 10:32:22.015079 - Found DOCCHNG.txt (text/plain) in CBT.V508.FILE488.PDS, moved to PDS/DOCCHNG
2025-04-04 10:32:22.015196 - Found DOCCNS1.txt (text/plain) in CBT.V508.FILE488.PDS, moved to PDS/DOCCNS1
2025-04-04 10:32:22.015334 - Found DOCCSV.txt (text/plain) in CBT.V508.FILE488.PDS, moved to PDS/DOCCSV
2025-04-04 10:32:22.015457 - Found DOCDOC.txt (text/plain) in CBT.V508.FILE488.PDS, moved to PDS/DOCDOC
2025-04-04 10:32:22.015571 - Found DOCEND.txt (text/plain) in CBT.V508.FILE488.PDS, moved to PDS/DOCEND
2025-04-04 10:32:22.015690 - Found DOCHDG1.txt (text/plain) in CBT.V508.FILE488.PDS, moved to PDS/DOCHDG1
2025-04-04 10:32:22.015821 - Found DOCHDG2.txt (text/plain) in CBT.V508.FILE488.PDS, moved to PDS/DOCHDG2
2025-04-04 10:32:22.016567 - Found DOCID.txt (text/plain) in CBT.V508.FILE488.PDS, moved to PDS/DOCID
2025-04-04 10:32:22.016736 - Found DOCIDCAM.txt (text/plain) in CBT.V508.FILE488.PDS, moved to PDS/DOCIDCAM
2025-04-04 10:32:22.016875 - Found DOCIEBG.jcl (text/plain) in CBT.V508.FILE488.PDS, moved to PDS/DOCIEBG
2025-04-04 10:32:22.017001 - Found DOCIEFBR.txt (text/plain) in CBT.V508.FILE488.PDS, moved to PDS/DOCIEFBR
2025-04-04 10:32:22.017129 - Found DOCJOB.txt (text/plain) in CBT.V508.FILE488.PDS, moved to PDS/DOCJOB
2025-04-04 10:32:22.017257 - Found DOCLINE.txt (text/plain) in CBT.V508.FILE488.PDS, moved to PDS/DOCLINE
2025-04-04 10:32:22.017379 - Found DOCLOAD.txt (text/plain) in CBT.V508.FILE488.PDS, moved to PDS/DOCLOAD
2025-04-04 10:32:22.017501 - Found DOCPARM.txt (text/plain) in CBT.V508.FILE488.PDS, moved to PDS/DOCPARM
2025-04-04 10:32:22.017625 - Found DOCPRINT.txt (text/plain) in CBT.V508.FILE488.PDS, moved to PDS/DOCPRINT
2025-04-04 10:32:22.017749 - Found DOCPROB.txt (text/plain) in CBT.V508.FILE488.PDS, moved to PDS/DOCPROB
2025-04-04 10:32:22.017881 - Found DOCPROC.txt (text/plain) in CBT.V508.FILE488.PDS, moved to PDS/DOCPROC
2025-04-04 10:32:22.018022 - Found DOCPROO.txt (text/plain) in CBT.V508.FILE488.PDS, moved to PDS/DOCPROO
2025-04-04 10:32:22.018137 - Found DOCREPRO.txt (text/plain) in CBT.V508.FILE488.PDS, moved to PDS/DOCREPRO
2025-04-04 10:32:22.018257 - Found DOCRIGHT.txt (text/plain) in CBT.V508.FILE488.PDS, moved to PDS/DOCRIGHT
2025-04-04 10:32:22.018375 - Found DOCRULE.txt (text/plain) in CBT.V508.FILE488.PDS, moved to PDS/DOCRULE
2025-04-04 10:32:22.018495 - Found DOCTOP.txt (text/plain) in CBT.V508.FILE488.PDS, moved to PDS/DOCTOP
2025-04-04 10:32:22.018619 - Found DOCWSB.txt (text/plain) in CBT.V508.FILE488.PDS, moved to PDS/DOCWSB
2025-04-04 10:32:22.018734 - Found DOCWSO.txt (text/plain) in CBT.V508.FILE488.PDS, moved to PDS/DOCWSO
2025-04-04 10:32:22.018861 - Found FTPGDG.txt (text/plain) in CBT.V508.FILE488.PDS, moved to PDS/FTPGDG
2025-04-04 10:32:22.018989 - Found HIGHEXT.txt (text/plain) in CBT.V508.FILE488.PDS, moved to PDS/HIGHEXT
2025-04-04 10:32:22.019117 - Found HSMDOCU.txt (text/plain) in CBT.V508.FILE488.PDS, moved to PDS/HSMDOCU
2025-04-04 10:32:22.019237 - Found JCI0049B.txt (text/plain) in CBT.V508.FILE488.PDS, moved to PDS/JCI0049B
2025-04-04 10:32:22.019381 - Found JCLNEAT.txt (text/plain) in CBT.V508.FILE488.PDS, moved to PDS/JCLNEAT
2025-04-04 10:32:22.019499 - Found JCLNEAT1.txt (text/plain) in CBT.V508.FILE488.PDS, moved to PDS/JCLNEAT1
2025-04-04 10:32:22.019621 - Found JCLNOTE.txt (text/plain) in CBT.V508.FILE488.PDS, moved to PDS/JCLNOTE
2025-04-04 10:32:22.019760 - Found JCLNRUN.txt (text/plain) in CBT.V508.FILE488.PDS, moved to PDS/JCLNRUN
2025-04-04 10:32:22.019876 - Found JCLSPLT.txt (text/plain) in CBT.V508.FILE488.PDS, moved to PDS/JCLSPLT
2025-04-04 10:32:22.019996 - Found JCLSPLT1.txt (text/plain) in CBT.V508.FILE488.PDS, moved to PDS/JCLSPLT1
2025-04-04 10:32:22.020111 - Found JCLSRUN.txt (text/plain) in CBT.V508.FILE488.PDS, moved to PDS/JCLSRUN
2025-04-04 10:32:22.020225 - Found JESJOB2.jcl (text/plain) in CBT.V508.FILE488.PDS, moved to PDS/JESJOB2
2025-04-04 10:32:22.020340 - Found JMISB1D.jcl (text/plain) in CBT.V508.FILE488.PDS, moved to PDS/JMISB1D
2025-04-04 10:32:22.020453 - Found JMIS20D.jcl (text/plain) in CBT.V508.FILE488.PDS, moved to PDS/JMIS20D
2025-04-04 10:32:22.020576 - Found J0049B.jcl (text/plain) in CBT.V508.FILE488.PDS, moved to PDS/J0049B
2025-04-04 10:32:22.020695 - Found LIT.txt (text/plain) in CBT.V508.FILE488.PDS, moved to PDS/LIT
2025-04-04 10:32:22.020824 - Found MHPB6.txt (text/plain) in CBT.V508.FILE488.PDS, moved to PDS/MHPB6
2025-04-04 10:32:22.020940 - Found MHP0775B.txt (text/plain) in CBT.V508.FILE488.PDS, moved to PDS/MHP0775B
2025-04-04 10:32:22.021056 - Found MID97.txt (text/plain) in CBT.V508.FILE488.PDS, moved to PDS/MID97
2025-04-04 10:32:22.021173 - Found MID98.txt (text/plain) in CBT.V508.FILE488.PDS, moved to PDS/MID98
2025-04-04 10:32:22.021290 - Found MID99.txt (text/plain) in CBT.V508.FILE488.PDS, moved to PDS/MID99
2025-04-04 10:32:22.021403 - Found MISA1.txt (text/plain) in CBT.V508.FILE488.PDS, moved to PDS/MISA1
2025-04-04 10:32:22.021519 - Found MISA1010.txt (text/plain) in CBT.V508.FILE488.PDS, moved to PDS/MISA1010
2025-04-04 10:32:22.021654 - Found MISA1030.bin (application/octet-stream) in CBT.V508.FILE488.PDS, moved to PDS/MISA1030
2025-04-04 10:32:22.021775 - Found MISA1040.txt (text/plain) in CBT.V508.FILE488.PDS, moved to PDS/MISA1040
2025-04-04 10:32:22.021906 - Found MISA2.txt (text/plain) in CBT.V508.FILE488.PDS, moved to PDS/MISA2
2025-04-04 10:32:22.022161 - Found MISA2030.txt (text/plain) in CBT.V508.FILE488.PDS, moved to PDS/MISA2030
2025-04-04 10:32:22.022285 - Found MISA2040.txt (text/plain) in CBT.V508.FILE488.PDS, moved to PDS/MISA2040
2025-04-04 10:32:22.022399 - Found MISA9.txt (text/plain) in CBT.V508.FILE488.PDS, moved to PDS/MISA9
2025-04-04 10:32:22.022519 - Found MISA9010.txt (text/plain) in CBT.V508.FILE488.PDS, moved to PDS/MISA9010
2025-04-04 10:32:22.022645 - Found MISA9020.txt (text/plain) in CBT.V508.FILE488.PDS, moved to PDS/MISA9020
2025-04-04 10:32:22.022780 - Found MISA9040.txt (text/plain) in CBT.V508.FILE488.PDS, moved to PDS/MISA9040
2025-04-04 10:32:22.022900 - Found MISA9050.txt (text/plain) in CBT.V508.FILE488.PDS, moved to PDS/MISA9050
2025-04-04 10:32:22.023018 - Found MISA9060.txt (text/plain) in CBT.V508.FILE488.PDS, moved to PDS/MISA9060
2025-04-04 10:32:22.023135 - Found MISA9070.txt (text/plain) in CBT.V508.FILE488.PDS, moved to PDS/MISA9070
2025-04-04 10:32:22.023253 - Found MISA9130.txt (text/plain) in CBT.V508.FILE488.PDS, moved to PDS/MISA9130
2025-04-04 10:32:22.023375 - Found MISBI.txt (text/plain) in CBT.V508.FILE488.PDS, moved to PDS/MISBI
2025-04-04 10:32:22.023486 - Found MISB1.txt (text/plain) in CBT.V508.FILE488.PDS, moved to PDS/MISB1
2025-04-04 10:32:22.023602 - Found MISB1020.txt (text/plain) in CBT.V508.FILE488.PDS, moved to PDS/MISB1020
2025-04-04 10:32:22.023732 - Found MISB1030.txt (text/plain) in CBT.V508.FILE488.PDS, moved to PDS/MISB1030
2025-04-04 10:32:22.023860 - Found MIS0081B.txt (text/plain) in CBT.V508.FILE488.PDS, moved to PDS/MIS0081B
2025-04-04 10:32:22.023975 - Found MIS0133B.txt (text/plain) in CBT.V508.FILE488.PDS, moved to PDS/MIS0133B
2025-04-04 10:32:22.024088 - Found MIS0380B.txt (text/plain) in CBT.V508.FILE488.PDS, moved to PDS/MIS0380B
2025-04-04 10:32:22.024212 - Found MIS0400B.txt (text/plain) in CBT.V508.FILE488.PDS, moved to PDS/MIS0400B
2025-04-04 10:32:22.024325 - Found MIS0425B.txt (text/plain) in CBT.V508.FILE488.PDS, moved to PDS/MIS0425B
2025-04-04 10:32:22.024438 - Found MIS0440B.txt (text/plain) in CBT.V508.FILE488.PDS, moved to PDS/MIS0440B
2025-04-04 10:32:22.024551 - Found MIS0465B.txt (text/plain) in CBT.V508.FILE488.PDS, moved to PDS/MIS0465B
2025-04-04 10:32:22.024665 - Found MIS0470B.txt (text/plain) in CBT.V508.FILE488.PDS, moved to PDS/MIS0470B
2025-04-04 10:32:22.024796 - Found MIS0475B.txt (text/plain) in CBT.V508.FILE488.PDS, moved to PDS/MIS0475B
2025-04-04 10:32:22.024926 - Found MIS0500B.txt (text/plain) in CBT.V508.FILE488.PDS, moved to PDS/MIS0500B
2025-04-04 10:32:22.025056 - Found MIS0520B.txt (text/plain) in CBT.V508.FILE488.PDS, moved to PDS/MIS0520B
2025-04-04 10:32:22.025190 - Found MIS0525B.txt (text/plain) in CBT.V508.FILE488.PDS, moved to PDS/MIS0525B
2025-04-04 10:32:22.025303 - Found MIS0540B.txt (text/plain) in CBT.V508.FILE488.PDS, moved to PDS/MIS0540B
2025-04-04 10:32:22.025415 - Found MIS0550B.txt (text/plain) in CBT.V508.FILE488.PDS, moved to PDS/MIS0550B
2025-04-04 10:32:22.025531 - Found MIS0585B.txt (text/plain) in CBT.V508.FILE488.PDS, moved to PDS/MIS0585B
2025-04-04 10:32:22.025647 - Found MIS0590B.txt (text/plain) in CBT.V508.FILE488.PDS, moved to PDS/MIS0590B
2025-04-04 10:32:22.025763 - Found MIS0655B.txt (text/plain) in CBT.V508.FILE488.PDS, moved to PDS/MIS0655B
2025-04-04 10:32:22.025897 - Found MIS0660B.txt (text/plain) in CBT.V508.FILE488.PDS, moved to PDS/MIS0660B
2025-04-04 10:32:22.026018 - Found MIS0685B.txt (text/plain) in CBT.V508.FILE488.PDS, moved to PDS/MIS0685B
2025-04-04 10:32:22.026145 - Found MIS0700B.txt (text/plain) in CBT.V508.FILE488.PDS, moved to PDS/MIS0700B
2025-04-04 10:32:22.026262 - Found MIS10.txt (text/plain) in CBT.V508.FILE488.PDS, moved to PDS/MIS10
2025-04-04 10:32:22.026374 - Found MIS10010.txt (text/plain) in CBT.V508.FILE488.PDS, moved to PDS/MIS10010
2025-04-04 10:32:22.026487 - Found MIS11.txt (text/plain) in CBT.V508.FILE488.PDS, moved to PDS/MIS11
2025-04-04 10:32:22.026600 - Found MIS11010.txt (text/plain) in CBT.V508.FILE488.PDS, moved to PDS/MIS11010
2025-04-04 10:32:22.026719 - Found MIS11030.txt (text/plain) in CBT.V508.FILE488.PDS, moved to PDS/MIS11030
2025-04-04 10:32:22.026837 - Found MIS12.txt (text/plain) in CBT.V508.FILE488.PDS, moved to PDS/MIS12
2025-04-04 10:32:22.026966 - Found MIS12070.txt (text/plain) in CBT.V508.FILE488.PDS, moved to PDS/MIS12070
2025-04-04 10:32:22.027081 - Found MIS20.txt (text/plain) in CBT.V508.FILE488.PDS, moved to PDS/MIS20
2025-04-04 10:32:22.027206 - Found MIS34.txt (text/plain) in CBT.V508.FILE488.PDS, moved to PDS/MIS34
2025-04-04 10:32:22.027324 - Found MIS34010.txt (text/plain) in CBT.V508.FILE488.PDS, moved to PDS/MIS34010
2025-04-04 10:32:22.027442 - Found MIS34020.txt (text/plain) in CBT.V508.FILE488.PDS, moved to PDS/MIS34020
2025-04-04 10:32:22.027558 - Found MIS34040.txt (text/plain) in CBT.V508.FILE488.PDS, moved to PDS/MIS34040
2025-04-04 10:32:22.027677 - Found M0425B.jcl (text/plain) in CBT.V508.FILE488.PDS, moved to PDS/M0425B
2025-04-04 10:32:22.027792 - Found M0655A.txt (text/plain) in CBT.V508.FILE488.PDS, moved to PDS/M0655A
2025-04-04 10:32:22.027914 - Found M0655A0T.txt (text/plain) in CBT.V508.FILE488.PDS, moved to PDS/M0655A0T
2025-04-04 10:32:22.028031 - Found M0655A01.txt (text/plain) in CBT.V508.FILE488.PDS, moved to PDS/M0655A01
2025-04-04 10:32:22.028154 - Found M0655A02.txt (text/plain) in CBT.V508.FILE488.PDS, moved to PDS/M0655A02
2025-04-04 10:32:22.028266 - Found M0655B.jcl (text/plain) in CBT.V508.FILE488.PDS, moved to PDS/M0655B
2025-04-04 10:32:22.028380 - Found M0655B0T.txt (text/plain) in CBT.V508.FILE488.PDS, moved to PDS/M0655B0T
2025-04-04 10:32:22.028494 - Found M0655B01.txt (text/plain) in CBT.V508.FILE488.PDS, moved to PDS/M0655B01
2025-04-04 10:32:22.028607 - Found M0655B02.txt (text/plain) in CBT.V508.FILE488.PDS, moved to PDS/M0655B02
2025-04-04 10:32:22.028717 - Found M0655B03.txt (text/plain) in CBT.V508.FILE488.PDS, moved to PDS/M0655B03
2025-04-04 10:32:22.028828 - Found M0685B.txt (text/plain) in CBT.V508.FILE488.PDS, moved to PDS/M0685B
2025-04-04 10:32:22.028948 - Found M0685P1.txt (text/plain) in CBT.V508.FILE488.PDS, moved to PDS/M0685P1
2025-04-04 10:32:22.029069 - Found M0685P2.txt (text/plain) in CBT.V508.FILE488.PDS, moved to PDS/M0685P2
2025-04-04 10:32:22.029186 - Found M0700B.jcl (text/plain) in CBT.V508.FILE488.PDS, moved to PDS/M0700B
2025-04-04 10:32:22.029312 - Found M0700P.txt (text/plain) in CBT.V508.FILE488.PDS, moved to PDS/M0700P
2025-04-04 10:32:22.029429 - Found M0775B.txt (text/plain) in CBT.V508.FILE488.PDS, moved to PDS/M0775B
2025-04-04 10:32:22.029547 - Found OFFSET1.txt (text/plain) in CBT.V508.FILE488.PDS, moved to PDS/OFFSET1
2025-04-04 10:32:22.029658 - Found OFFSET2.txt (text/plain) in CBT.V508.FILE488.PDS, moved to PDS/OFFSET2
2025-04-04 10:32:22.029774 - Found PARM0060.txt (text/plain) in CBT.V508.FILE488.PDS, moved to PDS/PARM0060
2025-04-04 10:32:22.029887 - Found PMISA1D.jcl (text/plain) in CBT.V508.FILE488.PDS, moved to PDS/PMISA1D
2025-04-04 10:32:22.030003 - Found PMISA2D.jcl (text/plain) in CBT.V508.FILE488.PDS, moved to PDS/PMISA2D
2025-04-04 10:32:22.030125 - Found PMISA9D.jcl (text/plain) in CBT.V508.FILE488.PDS, moved to PDS/PMISA9D
2025-04-04 10:32:22.030239 - Found PMISB1D.jcl (text/plain) in CBT.V508.FILE488.PDS, moved to PDS/PMISB1D
2025-04-04 10:32:22.030355 - Found PMIS20D.jcl (text/plain) in CBT.V508.FILE488.PDS, moved to PDS/PMIS20D
2025-04-04 10:32:22.030476 - Found PMIS34W.jcl (text/plain) in CBT.V508.FILE488.PDS, moved to PDS/PMIS34W
2025-04-04 10:32:22.030588 - Found PRNTCPY1.txt (text/plain) in CBT.V508.FILE488.PDS, moved to PDS/PRNTCPY1
2025-04-04 10:32:22.030705 - Found PRNTCPY2.txt (text/plain) in CBT.V508.FILE488.PDS, moved to PDS/PRNTCPY2
2025-04-04 10:32:22.030819 - Found PRNTDOCU.txt (text/plain) in CBT.V508.FILE488.PDS, moved to PDS/PRNTDOCU
2025-04-04 10:32:22.030930 - Found PRNTFILE.txt (text/plain) in CBT.V508.FILE488.PDS, moved to PDS/PRNTFILE
2025-04-04 10:32:22.031039 - Found PRNTPARM.txt (text/plain) in CBT.V508.FILE488.PDS, moved to PDS/PRNTPARM
2025-04-04 10:32:22.031180 - Found PRNTPROC.jcl (text/plain) in CBT.V508.FILE488.PDS, moved to PDS/PRNTPROC
2025-04-04 10:32:22.031301 - Found PULLCPY1.txt (text/plain) in CBT.V508.FILE488.PDS, moved to PDS/PULLCPY1
2025-04-04 10:32:22.031432 - Found PULLCPY2.txt (text/plain) in CBT.V508.FILE488.PDS, moved to PDS/PULLCPY2
2025-04-04 10:32:22.031552 - Found PULLCPY3.txt (text/plain) in CBT.V508.FILE488.PDS, moved to PDS/PULLCPY3
2025-04-04 10:32:22.031669 - Found PULLDOCU.txt (text/plain) in CBT.V508.FILE488.PDS, moved to PDS/PULLDOCU
2025-04-04 10:32:22.031783 - Found PULLDSN.jcl (text/plain) in CBT.V508.FILE488.PDS, moved to PDS/PULLDSN
2025-04-04 10:32:22.031894 - Found PULLDSNS.jcl (text/plain) in CBT.V508.FILE488.PDS, moved to PDS/PULLDSNS
2025-04-04 10:32:22.032011 - Found PULLFILE.txt (text/plain) in CBT.V508.FILE488.PDS, moved to PDS/PULLFILE
2025-04-04 10:32:22.032123 - Found PULLPARM.txt (text/plain) in CBT.V508.FILE488.PDS, moved to PDS/PULLPARM
2025-04-04 10:32:22.032240 - Found PULLPROC.jcl (text/plain) in CBT.V508.FILE488.PDS, moved to PDS/PULLPROC
2025-04-04 10:32:22.032357 - Found PULL001.txt (text/plain) in CBT.V508.FILE488.PDS, moved to PDS/PULL001
2025-04-04 10:32:22.032480 - Found STVDOCU.txt (text/plain) in CBT.V508.FILE488.PDS, moved to PDS/STVDOCU
2025-04-04 10:32:22.032598 - Found STV0110C.bin (application/octet-stream) in CBT.V508.FILE488.PDS, moved to PDS/STV0110C
2025-04-04 10:32:22.032725 - Found STV0115C.txt (text/plain) in CBT.V508.FILE488.PDS, moved to PDS/STV0115C
2025-04-04 10:32:22.032841 - Found STV0150B.txt (text/plain) in CBT.V508.FILE488.PDS, moved to PDS/STV0150B
2025-04-04 10:32:22.032953 - Found STV0270B.txt (text/plain) in CBT.V508.FILE488.PDS, moved to PDS/STV0270B
2025-04-04 10:32:22.033077 - Found STV0280B.txt (text/plain) in CBT.V508.FILE488.PDS, moved to PDS/STV0280B
2025-04-04 10:32:22.033192 - Found STV0295B.txt (text/plain) in CBT.V508.FILE488.PDS, moved to PDS/STV0295B
2025-04-04 10:32:22.033302 - Found STV0320B.txt (text/plain) in CBT.V508.FILE488.PDS, moved to PDS/STV0320B
2025-04-04 10:32:22.033437 - Found STV0400B.txt (text/plain) in CBT.V508.FILE488.PDS, moved to PDS/STV0400B
2025-04-04 10:32:22.033566 - Found STV0400T.txt (text/plain) in CBT.V508.FILE488.PDS, moved to PDS/STV0400T
2025-04-04 10:32:22.033678 - Found STV0405B.txt (text/plain) in CBT.V508.FILE488.PDS, moved to PDS/STV0405B
2025-04-04 10:32:22.033807 - Found STV0410B.txt (text/plain) in CBT.V508.FILE488.PDS, moved to PDS/STV0410B
2025-04-04 10:32:22.033914 - Found STV0420B.txt (text/plain) in CBT.V508.FILE488.PDS, moved to PDS/STV0420B
2025-04-04 10:32:22.034023 - Found STV0530B.txt (text/plain) in CBT.V508.FILE488.PDS, moved to PDS/STV0530B
2025-04-04 10:32:22.034135 - Found STV0530T.txt (text/plain) in CBT.V508.FILE488.PDS, moved to PDS/STV0530T
2025-04-04 10:32:22.034249 - Found STV0805B.txt (text/plain) in CBT.V508.FILE488.PDS, moved to PDS/STV0805B
2025-04-04 10:32:22.034360 - Found STV110M.txt (text/plain) in CBT.V508.FILE488.PDS, moved to PDS/STV110M
2025-04-04 10:32:22.034478 - Found STV115M.txt (text/plain) in CBT.V508.FILE488.PDS, moved to PDS/STV115M
2025-04-04 10:32:22.034605 - Found STV1295B.txt (text/plain) in CBT.V508.FILE488.PDS, moved to PDS/STV1295B
2025-04-04 10:32:22.034737 - Found STV1320B.txt (text/plain) in CBT.V508.FILE488.PDS, moved to PDS/STV1320B
2025-04-04 10:32:22.034854 - Found STV1400B.txt (text/plain) in CBT.V508.FILE488.PDS, moved to PDS/STV1400B
2025-04-04 10:32:22.034971 - Found STV1405B.txt (text/plain) in CBT.V508.FILE488.PDS, moved to PDS/STV1405B
2025-04-04 10:32:22.035097 - Found STV1410B.txt (text/plain) in CBT.V508.FILE488.PDS, moved to PDS/STV1410B
2025-04-04 10:32:22.035216 - Found STV1420B.txt (text/plain) in CBT.V508.FILE488.PDS, moved to PDS/STV1420B
2025-04-04 10:32:22.035337 - Found STV1805B.txt (text/plain) in CBT.V508.FILE488.PDS, moved to PDS/STV1805B
2025-04-04 10:32:22.035448 - Found S0400A.jcl (text/plain) in CBT.V508.FILE488.PDS, moved to PDS/S0400A
2025-04-04 10:32:22.035570 - Found S0400B.jcl (text/plain) in CBT.V508.FILE488.PDS, moved to PDS/S0400B
2025-04-04 10:32:22.035683 - Found S0530B.txt (text/plain) in CBT.V508.FILE488.PDS, moved to PDS/S0530B
2025-04-04 10:32:22.035794 - Found TAPEDD.txt (text/plain) in CBT.V508.FILE488.PDS, moved to PDS/TAPEDD
2025-04-04 10:32:22.035908 - Found XLT04650.txt (text/plain) in CBT.V508.FILE488.PDS, moved to PDS/XLT04650
2025-04-04 10:32:22.036025 - Found XLT04660.txt (text/plain) in CBT.V508.FILE488.PDS, moved to PDS/XLT04660
2025-04-04 10:32:22.036141 - Found X04650.jcl (text/plain) in CBT.V508.FILE488.PDS, moved to PDS/X04650
2025-04-04 10:32:22.036253 - Found X04650P.txt (text/plain) in CBT.V508.FILE488.PDS, moved to PDS/X04650P
2025-04-04 10:32:22.036372 - Found X04660.jcl (text/plain) in CBT.V508.FILE488.PDS, moved to PDS/X04660
2025-04-04 10:32:22.036486 - Found X04660D.txt (text/plain) in CBT.V508.FILE488.PDS, moved to PDS/X04660D
2025-04-04 10:32:22.036599 - Found X04660P.txt (text/plain) in CBT.V508.FILE488.PDS, moved to PDS/X04660P
2025-04-04 10:32:22.036720 - Found X12FILE.txt (text/plain) in CBT.V508.FILE488.PDS, moved to PDS/X12FILE
2025-04-04 10:32:22.036838 - Found X12INPUT.txt (text/plain) in CBT.V508.FILE488.PDS, moved to PDS/X12INPUT
2025-04-04 10:32:22.037016 - Found X12SHOW.txt (text/plain) in CBT.V508.FILE488.PDS, moved to PDS/X12SHOW
2025-04-04 10:32:22.037138 - Found X12SRUN.txt (text/plain) in CBT.V508.FILE488.PDS, moved to PDS/X12SRUN
